<?xml version="1.0" encoding="UTF-8"?>
<!-- Generated by org.testng.reporters.JUnitReportReporter -->
<testsuite hostname="nazareno-MS-7C31" failures="0" tests="5" name="com.solvd.automation.gui.WebGithubTest" time="38.990" errors="0" timestamp="2024-02-08T16:25:17 ART" skipped="0">
  <testcase classname="com.solvd.automation.gui.WebGithubTest" name="validateWrongLoginAttemptTest" time="6.680"/>
  <system-out/>
  <testcase classname="com.solvd.automation.gui.WebGithubTest" name="verifyRegisterProcessTest" time="12.367"/>
  <system-out/>
  <testcase classname="com.solvd.automation.gui.WebGithubTest" name="validateWrongLoginAttemptTest" time="4.069"/>
  <system-out/>
  <testcase classname="com.solvd.automation.gui.WebGithubTest" name="verifySearchResultsTest" time="11.418"/>
  <system-out/>
  <testcase classname="com.solvd.automation.gui.WebGithubTest" name="validateWrongLoginAttemptTest" time="4.456"/>
  <system-out/>
</testsuite> <!-- com.solvd.automation.gui.WebGithubTest -->
